STEP translation to Solid Edge
Date: Monday,December 02,2024 10:51PM
Source File: C:\Users\Andre\Desktop\EMBARCADOS - CURSO PCB\HARDWARE\KICAD\3D CAD\EMBARCADOS - CURSO PCB.step
Author: Pcbnew
Organization: Kicad
Source System: KiCad to STEP converter

Hardware:
Processor: 11th Gen Intel(R) Core(TM) i7-11390H @ 3.40GHz
Operating System: Windows 10 Professional Version:22H2 Build:19045 System Type:64-bit
Installed Memory: 15.74 GB

Software Information
Parasolid Version: 36.0.142
PSBodyShop Version: 36.0.108
Step Adapter Version: 13.0.163
Solid Edge Version: 224.00.00.101 x64

Step Import Options
Import Faceted Bodies: On
Import Check Bodies: Off
Import Curves: On
Import DoNotSave: On
Import Multiple Bodies As Single Part File: On
Import Optimize:Off
Import Stitch Surfaces: On
Import Boolean Solids: On
Make Base Feature: On
Simplify Geometry: On
Import Imprint Curves: On
Import Drive: C:
Import Stitch Surfaces: On
Import Surfaces: On
Import Output Path: C:\Users\Andre\Desktop\EMBARCADOS - CURSO PCB\HARDWARE\KICAD\3D CAD
Import Enable Default Output Path: On
Import PMI: Off
Import As Internal Components: Off
Import Path: 

Translating to Parasolid data types...
+Begin Assembly: 1
+Created SE Assembly File C:\Users\Andre\Desktop\EMBARCADOS - CURSO PCB\HARDWARE\KICAD\3D CAD\EMBARCADOS - CURSO PCB.asm
|--+Begin Assembly: 2
|--+Created SE Assembly File C:\Users\Andre\Desktop\EMBARCADOS - CURSO PCB\HARDWARE\KICAD\3D CAD\WE 693071020811 (rev1).asm
|  |--+Created SE Part File C:\Users\Andre\Desktop\EMBARCADOS - CURSO PCB\HARDWARE\KICAD\3D CAD\=_[0_1_1_9].par
|--+Total Parts: 5,226
|--+Assemblies: 0
|--+Solid Bodies: 0
|--+Sheet Bodies: 5,226
|--+End Assembly: 2
|--+Begin Assembly: 2
|--+Created SE Assembly File C:\Users\Andre\Desktop\EMBARCADOS - CURSO PCB\HARDWARE\KICAD\3D CAD\R_0603_1608Metric.asm
|  |--+Created SE Part File C:\Users\Andre\Desktop\EMBARCADOS - CURSO PCB\HARDWARE\KICAD\3D CAD\R_0603_1608Metric.par
|--+Total Parts: 2
|--+Assemblies: 0
|--+Solid Bodies: 2
|--+Sheet Bodies: 0
|--+End Assembly: 2
|--+Begin Assembly: 2
|--+Created SE Assembly File C:\Users\Andre\Desktop\EMBARCADOS - CURSO PCB\HARDWARE\KICAD\3D CAD\C_0603_1608Metric.asm
|  |--+Created SE Part File C:\Users\Andre\Desktop\EMBARCADOS - CURSO PCB\HARDWARE\KICAD\3D CAD\C_0603_1608Metric.par
|--+Total Parts: 2
|--+Assemblies: 0
|--+Solid Bodies: 2
|--+Sheet Bodies: 0
|--+End Assembly: 2
|--+Begin Assembly: 2
|--+Reusing File C:\Users\Andre\Desktop\EMBARCADOS - CURSO PCB\HARDWARE\KICAD\3D CAD\C_0603_1608Metric.asm
|--+Total Parts: 0
|--+Assemblies: 0
|--+Solid Bodies: 0
|--+Sheet Bodies: 0
|--+End Assembly: 2
|--+Begin Assembly: 2
|--+Reusing File C:\Users\Andre\Desktop\EMBARCADOS - CURSO PCB\HARDWARE\KICAD\3D CAD\C_0603_1608Metric.asm
|--+Total Parts: 0
|--+Assemblies: 0
|--+Solid Bodies: 0
|--+Sheet Bodies: 0
|--+End Assembly: 2
|--+Begin Assembly: 2
|--+Reusing File C:\Users\Andre\Desktop\EMBARCADOS - CURSO PCB\HARDWARE\KICAD\3D CAD\R_0603_1608Metric.asm
|--+Total Parts: 0
|--+Assemblies: 0
|--+Solid Bodies: 0
|--+Sheet Bodies: 0
|--+End Assembly: 2
|--+Begin Assembly: 2
|--+Reusing File C:\Users\Andre\Desktop\EMBARCADOS - CURSO PCB\HARDWARE\KICAD\3D CAD\R_0603_1608Metric.asm
|--+Total Parts: 0
|--+Assemblies: 0
|--+Solid Bodies: 0
|--+Sheet Bodies: 0
|--+End Assembly: 2
|--+Begin Assembly: 2
|--+Reusing File C:\Users\Andre\Desktop\EMBARCADOS - CURSO PCB\HARDWARE\KICAD\3D CAD\C_0603_1608Metric.asm
|--+Total Parts: 0
|--+Assemblies: 0
|--+Solid Bodies: 0
|--+Sheet Bodies: 0
|--+End Assembly: 2
|--+Begin Assembly: 2
|--+Reusing File C:\Users\Andre\Desktop\EMBARCADOS - CURSO PCB\HARDWARE\KICAD\3D CAD\R_0603_1608Metric.asm
|--+Total Parts: 0
|--+Assemblies: 0
|--+Solid Bodies: 0
|--+Sheet Bodies: 0
|--+End Assembly: 2
|--+Begin Assembly: 2
|--+Created SE Assembly File C:\Users\Andre\Desktop\EMBARCADOS - CURSO PCB\HARDWARE\KICAD\3D CAD\SW_SPST_TL3342.asm
|  |--+Created SE Part File C:\Users\Andre\Desktop\EMBARCADOS - CURSO PCB\HARDWARE\KICAD\3D CAD\SW_SPST_TL3342.par
|--+Total Parts: 2
|--+Assemblies: 0
|--+Solid Bodies: 2
|--+Sheet Bodies: 0
|--+End Assembly: 2
|--+Begin Assembly: 2
|--+Created SE Assembly File C:\Users\Andre\Desktop\EMBARCADOS - CURSO PCB\HARDWARE\KICAD\3D CAD\D_SOD-123.asm
|  |--+Created SE Part File C:\Users\Andre\Desktop\EMBARCADOS - CURSO PCB\HARDWARE\KICAD\3D CAD\D_SOD_123.par
|--+Total Parts: 2
|--+Assemblies: 0
|--+Solid Bodies: 2
|--+Sheet Bodies: 0
|--+End Assembly: 2
|--+Begin Assembly: 2
|--+Reusing File C:\Users\Andre\Desktop\EMBARCADOS - CURSO PCB\HARDWARE\KICAD\3D CAD\R_0603_1608Metric.asm
|--+Total Parts: 0
|--+Assemblies: 0
|--+Solid Bodies: 0
|--+Sheet Bodies: 0
|--+End Assembly: 2
|--+Begin Assembly: 2
|--+Created SE Assembly File C:\Users\Andre\Desktop\EMBARCADOS - CURSO PCB\HARDWARE\KICAD\3D CAD\TSSOP-10_3x3mm_P0.5mm.asm
|  |--+Created SE Part File C:\Users\Andre\Desktop\EMBARCADOS - CURSO PCB\HARDWARE\KICAD\3D CAD\TSSOP_10_3x3mm_P05mm.par
|--+Total Parts: 2
|--+Assemblies: 0
|--+Solid Bodies: 2
|--+Sheet Bodies: 0
|--+End Assembly: 2
|--+Begin Assembly: 2
|--+Created SE Assembly File C:\Users\Andre\Desktop\EMBARCADOS - CURSO PCB\HARDWARE\KICAD\3D CAD\C_0805_2012Metric.asm
|  |--+Created SE Part File C:\Users\Andre\Desktop\EMBARCADOS - CURSO PCB\HARDWARE\KICAD\3D CAD\C_0805_2012Metric.par
|--+Total Parts: 2
|--+Assemblies: 0
|--+Solid Bodies: 2
|--+Sheet Bodies: 0
|--+End Assembly: 2
|--+Begin Assembly: 2
|--+Reusing File C:\Users\Andre\Desktop\EMBARCADOS - CURSO PCB\HARDWARE\KICAD\3D CAD\R_0603_1608Metric.asm
|--+Total Parts: 0
|--+Assemblies: 0
|--+Solid Bodies: 0
|--+Sheet Bodies: 0
|--+End Assembly: 2
|--+Begin Assembly: 2
|--+Created SE Assembly File C:\Users\Andre\Desktop\EMBARCADOS - CURSO PCB\HARDWARE\KICAD\3D CAD\PinSocket_2x20_P2.54mm_Horizontal.asm
|  |--+Created SE Part File C:\Users\Andre\Desktop\EMBARCADOS - CURSO PCB\HARDWARE\KICAD\3D CAD\PinSocket_2x20_P254mm_Horizontal.par
|--+Total Parts: 2
|--+Assemblies: 0
|--+Solid Bodies: 2
|--+Sheet Bodies: 0
|--+End Assembly: 2
|--+Begin Assembly: 2
|--+Reusing File C:\Users\Andre\Desktop\EMBARCADOS - CURSO PCB\HARDWARE\KICAD\3D CAD\R_0603_1608Metric.asm
|--+Total Parts: 0
|--+Assemblies: 0
|--+Solid Bodies: 0
|--+Sheet Bodies: 0
|--+End Assembly: 2
|--+Begin Assembly: 2
|--+Reusing File C:\Users\Andre\Desktop\EMBARCADOS - CURSO PCB\HARDWARE\KICAD\3D CAD\R_0603_1608Metric.asm
|--+Total Parts: 0
|--+Assemblies: 0
|--+Solid Bodies: 0
|--+Sheet Bodies: 0
|--+End Assembly: 2
|--+Begin Assembly: 2
|--+Reusing File C:\Users\Andre\Desktop\EMBARCADOS - CURSO PCB\HARDWARE\KICAD\3D CAD\C_0603_1608Metric.asm
|--+Total Parts: 0
|--+Assemblies: 0
|--+Solid Bodies: 0
|--+Sheet Bodies: 0
|--+End Assembly: 2
|--+Begin Assembly: 2
|--+Created SE Assembly File C:\Users\Andre\Desktop\EMBARCADOS - CURSO PCB\HARDWARE\KICAD\3D CAD\WE 629722000214 (rev1).asm
|  |--+Created SE Part File C:\Users\Andre\Desktop\EMBARCADOS - CURSO PCB\HARDWARE\KICAD\3D CAD\=_[0_1_1_21].par
|--+Total Parts: 3,114
|--+Assemblies: 0
|--+Solid Bodies: 0
|--+Sheet Bodies: 3,114
|--+End Assembly: 2
|--+Begin Assembly: 2
|--+Reusing File C:\Users\Andre\Desktop\EMBARCADOS - CURSO PCB\HARDWARE\KICAD\3D CAD\C_0805_2012Metric.asm
|--+Total Parts: 0
|--+Assemblies: 0
|--+Solid Bodies: 0
|--+Sheet Bodies: 0
|--+End Assembly: 2
|--+Begin Assembly: 2
|--+Created SE Assembly File C:\Users\Andre\Desktop\EMBARCADOS - CURSO PCB\HARDWARE\KICAD\3D CAD\SOT-223.asm
|  |--+Created SE Part File C:\Users\Andre\Desktop\EMBARCADOS - CURSO PCB\HARDWARE\KICAD\3D CAD\SOT_223.par
|--+Total Parts: 2
|--+Assemblies: 0
|--+Solid Bodies: 2
|--+Sheet Bodies: 0
|--+End Assembly: 2
|--+Begin Assembly: 2
|--+Reusing File C:\Users\Andre\Desktop\EMBARCADOS - CURSO PCB\HARDWARE\KICAD\3D CAD\C_0603_1608Metric.asm
|--+Total Parts: 0
|--+Assemblies: 0
|--+Solid Bodies: 0
|--+Sheet Bodies: 0
|--+End Assembly: 2
|--+Begin Assembly: 2
|--+Reusing File C:\Users\Andre\Desktop\EMBARCADOS - CURSO PCB\HARDWARE\KICAD\3D CAD\C_0603_1608Metric.asm
|--+Total Parts: 0
|--+Assemblies: 0
|--+Solid Bodies: 0
|--+Sheet Bodies: 0
|--+End Assembly: 2
|--+Begin Assembly: 2
|--+Reusing File C:\Users\Andre\Desktop\EMBARCADOS - CURSO PCB\HARDWARE\KICAD\3D CAD\R_0603_1608Metric.asm
|--+Total Parts: 0
|--+Assemblies: 0
|--+Solid Bodies: 0
|--+Sheet Bodies: 0
|--+End Assembly: 2
|--+Begin Assembly: 2
|--+Reusing File C:\Users\Andre\Desktop\EMBARCADOS - CURSO PCB\HARDWARE\KICAD\3D CAD\SW_SPST_TL3342.asm
|--+Total Parts: 0
|--+Assemblies: 0
|--+Solid Bodies: 0
|--+Sheet Bodies: 0
|--+End Assembly: 2
|--+Begin Assembly: 2
|--+Reusing File C:\Users\Andre\Desktop\EMBARCADOS - CURSO PCB\HARDWARE\KICAD\3D CAD\R_0603_1608Metric.asm
|--+Total Parts: 0
|--+Assemblies: 0
|--+Solid Bodies: 0
|--+Sheet Bodies: 0
|--+End Assembly: 2
|--+Begin Assembly: 2
|--+Reusing File C:\Users\Andre\Desktop\EMBARCADOS - CURSO PCB\HARDWARE\KICAD\3D CAD\SW_SPST_TL3342.asm
|--+Total Parts: 0
|--+Assemblies: 0
|--+Solid Bodies: 0
|--+Sheet Bodies: 0
|--+End Assembly: 2
|--+Begin Assembly: 2
|--+Created SE Assembly File C:\Users\Andre\Desktop\EMBARCADOS - CURSO PCB\HARDWARE\KICAD\3D CAD\PinSocket_2x05_P2.54mm_Horizontal.asm
|  |--+Created SE Part File C:\Users\Andre\Desktop\EMBARCADOS - CURSO PCB\HARDWARE\KICAD\3D CAD\PinSocket_2x05_P254mm_Horizontal.par
|--+Total Parts: 2
|--+Assemblies: 0
|--+Solid Bodies: 2
|--+Sheet Bodies: 0
|--+End Assembly: 2
|--+Begin Assembly: 2
|--+Reusing File C:\Users\Andre\Desktop\EMBARCADOS - CURSO PCB\HARDWARE\KICAD\3D CAD\C_0603_1608Metric.asm
|--+Total Parts: 0
|--+Assemblies: 0
|--+Solid Bodies: 0
|--+Sheet Bodies: 0
|--+End Assembly: 2
|--+Begin Assembly: 2
|--+Created SE Assembly File C:\Users\Andre\Desktop\EMBARCADOS - CURSO PCB\HARDWARE\KICAD\3D CAD\WE LQS_252012 (rev1).asm
|  |--+Created SE Part File C:\Users\Andre\Desktop\EMBARCADOS - CURSO PCB\HARDWARE\KICAD\3D CAD\=_[0_1_1_7].par
|--+Total Parts: 180
|--+Assemblies: 0
|--+Solid Bodies: 0
|--+Sheet Bodies: 180
|--+End Assembly: 2
|--+Begin Assembly: 2
|--+Reusing File C:\Users\Andre\Desktop\EMBARCADOS - CURSO PCB\HARDWARE\KICAD\3D CAD\C_0805_2012Metric.asm
|--+Total Parts: 0
|--+Assemblies: 0
|--+Solid Bodies: 0
|--+Sheet Bodies: 0
|--+End Assembly: 2
|--+Begin Assembly: 2
|--+Reusing File C:\Users\Andre\Desktop\EMBARCADOS - CURSO PCB\HARDWARE\KICAD\3D CAD\D_SOD-123.asm
|--+Total Parts: 0
|--+Assemblies: 0
|--+Solid Bodies: 0
|--+Sheet Bodies: 0
|--+End Assembly: 2
|--+Begin Assembly: 2
|--+Reusing File C:\Users\Andre\Desktop\EMBARCADOS - CURSO PCB\HARDWARE\KICAD\3D CAD\C_0805_2012Metric.asm
|--+Total Parts: 0
|--+Assemblies: 0
|--+Solid Bodies: 0
|--+Sheet Bodies: 0
|--+End Assembly: 2
|--+Begin Assembly: 2
|--+Reusing File C:\Users\Andre\Desktop\EMBARCADOS - CURSO PCB\HARDWARE\KICAD\3D CAD\R_0603_1608Metric.asm
|--+Total Parts: 0
|--+Assemblies: 0
|--+Solid Bodies: 0
|--+Sheet Bodies: 0
|--+End Assembly: 2
|--+Begin Assembly: 2
|--+Reusing File C:\Users\Andre\Desktop\EMBARCADOS - CURSO PCB\HARDWARE\KICAD\3D CAD\C_0805_2012Metric.asm
|--+Total Parts: 0
|--+Assemblies: 0
|--+Solid Bodies: 0
|--+Sheet Bodies: 0
|--+End Assembly: 2
|--+Begin Assembly: 2
|--+Reusing File C:\Users\Andre\Desktop\EMBARCADOS - CURSO PCB\HARDWARE\KICAD\3D CAD\R_0603_1608Metric.asm
|--+Total Parts: 0
|--+Assemblies: 0
|--+Solid Bodies: 0
|--+Sheet Bodies: 0
|--+End Assembly: 2
|--+Begin Assembly: 2
|--+Reusing File C:\Users\Andre\Desktop\EMBARCADOS - CURSO PCB\HARDWARE\KICAD\3D CAD\C_0603_1608Metric.asm
|--+Total Parts: 0
|--+Assemblies: 0
|--+Solid Bodies: 0
|--+Sheet Bodies: 0
|--+End Assembly: 2
|--+Begin Assembly: 2
|--+Reusing File C:\Users\Andre\Desktop\EMBARCADOS - CURSO PCB\HARDWARE\KICAD\3D CAD\SW_SPST_TL3342.asm
|--+Total Parts: 0
|--+Assemblies: 0
|--+Solid Bodies: 0
|--+Sheet Bodies: 0
|--+End Assembly: 2
|--+Begin Assembly: 2
|--+Reusing File C:\Users\Andre\Desktop\EMBARCADOS - CURSO PCB\HARDWARE\KICAD\3D CAD\R_0603_1608Metric.asm
|--+Total Parts: 0
|--+Assemblies: 0
|--+Solid Bodies: 0
|--+Sheet Bodies: 0
|--+End Assembly: 2
|--+Begin Assembly: 2
|--+Reusing File C:\Users\Andre\Desktop\EMBARCADOS - CURSO PCB\HARDWARE\KICAD\3D CAD\C_0603_1608Metric.asm
|--+Total Parts: 0
|--+Assemblies: 0
|--+Solid Bodies: 0
|--+Sheet Bodies: 0
|--+End Assembly: 2
|--+Begin Assembly: 2
|--+Reusing File C:\Users\Andre\Desktop\EMBARCADOS - CURSO PCB\HARDWARE\KICAD\3D CAD\R_0603_1608Metric.asm
|--+Total Parts: 0
|--+Assemblies: 0
|--+Solid Bodies: 0
|--+Sheet Bodies: 0
|--+End Assembly: 2
|--+Begin Assembly: 2
|--+Reusing File C:\Users\Andre\Desktop\EMBARCADOS - CURSO PCB\HARDWARE\KICAD\3D CAD\SW_SPST_TL3342.asm
|--+Total Parts: 0
|--+Assemblies: 0
|--+Solid Bodies: 0
|--+Sheet Bodies: 0
|--+End Assembly: 2
|--+Begin Assembly: 2
|--+Reusing File C:\Users\Andre\Desktop\EMBARCADOS - CURSO PCB\HARDWARE\KICAD\3D CAD\R_0603_1608Metric.asm
|--+Total Parts: 0
|--+Assemblies: 0
|--+Solid Bodies: 0
|--+Sheet Bodies: 0
|--+End Assembly: 2
|--+Begin Assembly: 2
|--+Created SE Assembly File C:\Users\Andre\Desktop\EMBARCADOS - CURSO PCB\HARDWARE\KICAD\3D CAD\L_0603_1608Metric.asm
|  |--+Created SE Part File C:\Users\Andre\Desktop\EMBARCADOS - CURSO PCB\HARDWARE\KICAD\3D CAD\L_0603_1608Metric.par
|--+Total Parts: 2
|--+Assemblies: 0
|--+Solid Bodies: 2
|--+Sheet Bodies: 0
|--+End Assembly: 2
|--+Begin Assembly: 2
|--+Reusing File C:\Users\Andre\Desktop\EMBARCADOS - CURSO PCB\HARDWARE\KICAD\3D CAD\C_0603_1608Metric.asm
|--+Total Parts: 0
|--+Assemblies: 0
|--+Solid Bodies: 0
|--+Sheet Bodies: 0
|--+End Assembly: 2
|--+Begin Assembly: 2
|--+Reusing File C:\Users\Andre\Desktop\EMBARCADOS - CURSO PCB\HARDWARE\KICAD\3D CAD\C_0805_2012Metric.asm
|--+Total Parts: 0
|--+Assemblies: 0
|--+Solid Bodies: 0
|--+Sheet Bodies: 0
|--+End Assembly: 2
|--+Begin Assembly: 2
|--+Reusing File C:\Users\Andre\Desktop\EMBARCADOS - CURSO PCB\HARDWARE\KICAD\3D CAD\C_0603_1608Metric.asm
|--+Total Parts: 0
|--+Assemblies: 0
|--+Solid Bodies: 0
|--+Sheet Bodies: 0
|--+End Assembly: 2
|--+Begin Assembly: 2
|--+Reusing File C:\Users\Andre\Desktop\EMBARCADOS - CURSO PCB\HARDWARE\KICAD\3D CAD\R_0603_1608Metric.asm
|--+Total Parts: 0
|--+Assemblies: 0
|--+Solid Bodies: 0
|--+Sheet Bodies: 0
|--+End Assembly: 2
|--+Begin Assembly: 2
|--+Created SE Assembly File C:\Users\Andre\Desktop\EMBARCADOS - CURSO PCB\HARDWARE\KICAD\3D CAD\LQFP-64_10x10mm_P0.5mm.asm
|  |--+Created SE Part File C:\Users\Andre\Desktop\EMBARCADOS - CURSO PCB\HARDWARE\KICAD\3D CAD\LQFP_64_10x10mm_P05mm.par
|--+Total Parts: 2
|--+Assemblies: 0
|--+Solid Bodies: 2
|--+Sheet Bodies: 0
|--+End Assembly: 2
|--+Begin Assembly: 2
|--+Reusing File C:\Users\Andre\Desktop\EMBARCADOS - CURSO PCB\HARDWARE\KICAD\3D CAD\R_0603_1608Metric.asm
|--+Total Parts: 0
|--+Assemblies: 0
|--+Solid Bodies: 0
|--+Sheet Bodies: 0
|--+End Assembly: 2
|--+Begin Assembly: 2
|--+Reusing File C:\Users\Andre\Desktop\EMBARCADOS - CURSO PCB\HARDWARE\KICAD\3D CAD\R_0603_1608Metric.asm
|--+Total Parts: 0
|--+Assemblies: 0
|--+Solid Bodies: 0
|--+Sheet Bodies: 0
|--+End Assembly: 2
|--+Begin Assembly: 2
|--+Reusing File C:\Users\Andre\Desktop\EMBARCADOS - CURSO PCB\HARDWARE\KICAD\3D CAD\R_0603_1608Metric.asm
|--+Total Parts: 0
|--+Assemblies: 0
|--+Solid Bodies: 0
|--+Sheet Bodies: 0
|--+End Assembly: 2
|--+Begin Assembly: 2
|--+Reusing File C:\Users\Andre\Desktop\EMBARCADOS - CURSO PCB\HARDWARE\KICAD\3D CAD\R_0603_1608Metric.asm
|--+Total Parts: 0
|--+Assemblies: 0
|--+Solid Bodies: 0
|--+Sheet Bodies: 0
|--+End Assembly: 2
|--+Begin Assembly: 2
|--+Reusing File C:\Users\Andre\Desktop\EMBARCADOS - CURSO PCB\HARDWARE\KICAD\3D CAD\C_0603_1608Metric.asm
|--+Total Parts: 0
|--+Assemblies: 0
|--+Solid Bodies: 0
|--+Sheet Bodies: 0
|--+End Assembly: 2
|--+Begin Assembly: 2
|--+Reusing File C:\Users\Andre\Desktop\EMBARCADOS - CURSO PCB\HARDWARE\KICAD\3D CAD\R_0603_1608Metric.asm
|--+Total Parts: 0
|--+Assemblies: 0
|--+Solid Bodies: 0
|--+Sheet Bodies: 0
|--+End Assembly: 2
|--+Begin Assembly: 2
|--+Reusing File C:\Users\Andre\Desktop\EMBARCADOS - CURSO PCB\HARDWARE\KICAD\3D CAD\R_0603_1608Metric.asm
|--+Total Parts: 0
|--+Assemblies: 0
|--+Solid Bodies: 0
|--+Sheet Bodies: 0
|--+End Assembly: 2
|--+Begin Assembly: 2
|--+Created SE Assembly File C:\Users\Andre\Desktop\EMBARCADOS - CURSO PCB\HARDWARE\KICAD\3D CAD\SOT-23-6.asm
|  |--+Created SE Part File C:\Users\Andre\Desktop\EMBARCADOS - CURSO PCB\HARDWARE\KICAD\3D CAD\SOT_23_6.par
|--+Total Parts: 2
|--+Assemblies: 0
|--+Solid Bodies: 2
|--+Sheet Bodies: 0
|--+End Assembly: 2
|--+Begin Assembly: 2
|--+Reusing File C:\Users\Andre\Desktop\EMBARCADOS - CURSO PCB\HARDWARE\KICAD\3D CAD\PinSocket_2x20_P2.54mm_Horizontal.asm
|--+Total Parts: 0
|--+Assemblies: 0
|--+Solid Bodies: 0
|--+Sheet Bodies: 0
|--+End Assembly: 2
|--+Begin Assembly: 2
|--+Reusing File C:\Users\Andre\Desktop\EMBARCADOS - CURSO PCB\HARDWARE\KICAD\3D CAD\R_0603_1608Metric.asm
|--+Total Parts: 0
|--+Assemblies: 0
|--+Solid Bodies: 0
|--+Sheet Bodies: 0
|--+End Assembly: 2
|--+Begin Assembly: 2
|--+Reusing File C:\Users\Andre\Desktop\EMBARCADOS - CURSO PCB\HARDWARE\KICAD\3D CAD\R_0603_1608Metric.asm
|--+Total Parts: 0
|--+Assemblies: 0
|--+Solid Bodies: 0
|--+Sheet Bodies: 0
|--+End Assembly: 2
|--+Begin Assembly: 2
|--+Reusing File C:\Users\Andre\Desktop\EMBARCADOS - CURSO PCB\HARDWARE\KICAD\3D CAD\R_0603_1608Metric.asm
|--+Total Parts: 0
|--+Assemblies: 0
|--+Solid Bodies: 0
|--+Sheet Bodies: 0
|--+End Assembly: 2
|--+Begin Assembly: 2
|--+Reusing File C:\Users\Andre\Desktop\EMBARCADOS - CURSO PCB\HARDWARE\KICAD\3D CAD\R_0603_1608Metric.asm
|--+Total Parts: 0
|--+Assemblies: 0
|--+Solid Bodies: 0
|--+Sheet Bodies: 0
|--+End Assembly: 2
|--+Begin Assembly: 2
|--+Created SE Assembly File C:\Users\Andre\Desktop\EMBARCADOS - CURSO PCB\HARDWARE\KICAD\3D CAD\LED_0603_1608Metric.asm
|  |--+Created SE Part File C:\Users\Andre\Desktop\EMBARCADOS - CURSO PCB\HARDWARE\KICAD\3D CAD\LED_0603_1608Metric.par
|--+Total Parts: 2
|--+Assemblies: 0
|--+Solid Bodies: 2
|--+Sheet Bodies: 0
|--+End Assembly: 2
|--+Begin Assembly: 2
|--+Reusing File C:\Users\Andre\Desktop\EMBARCADOS - CURSO PCB\HARDWARE\KICAD\3D CAD\C_0805_2012Metric.asm
|--+Total Parts: 0
|--+Assemblies: 0
|--+Solid Bodies: 0
|--+Sheet Bodies: 0
|--+End Assembly: 2
|--+Begin Assembly: 2
|--+Reusing File C:\Users\Andre\Desktop\EMBARCADOS - CURSO PCB\HARDWARE\KICAD\3D CAD\LED_0603_1608Metric.asm
|--+Total Parts: 0
|--+Assemblies: 0
|--+Solid Bodies: 0
|--+Sheet Bodies: 0
|--+End Assembly: 2
|--+Begin Assembly: 2
|--+Reusing File C:\Users\Andre\Desktop\EMBARCADOS - CURSO PCB\HARDWARE\KICAD\3D CAD\R_0603_1608Metric.asm
|--+Total Parts: 0
|--+Assemblies: 0
|--+Solid Bodies: 0
|--+Sheet Bodies: 0
|--+End Assembly: 2
|--+Begin Assembly: 2
|--+Reusing File C:\Users\Andre\Desktop\EMBARCADOS - CURSO PCB\HARDWARE\KICAD\3D CAD\SOT-23-6.asm
|--+Total Parts: 0
|--+Assemblies: 0
|--+Solid Bodies: 0
|--+Sheet Bodies: 0
|--+End Assembly: 2
|--+Begin Assembly: 2
|--+Reusing File C:\Users\Andre\Desktop\EMBARCADOS - CURSO PCB\HARDWARE\KICAD\3D CAD\SW_SPST_TL3342.asm
|--+Total Parts: 0
|--+Assemblies: 0
|--+Solid Bodies: 0
|--+Sheet Bodies: 0
|--+End Assembly: 2
|--+Begin Assembly: 2
|--+Created SE Assembly File C:\Users\Andre\Desktop\EMBARCADOS - CURSO PCB\HARDWARE\KICAD\3D CAD\SOT-23.asm
|  |--+Created SE Part File C:\Users\Andre\Desktop\EMBARCADOS - CURSO PCB\HARDWARE\KICAD\3D CAD\SOT_23.par
|--+Total Parts: 2
|--+Assemblies: 0
|--+Solid Bodies: 2
|--+Sheet Bodies: 0
|--+End Assembly: 2
|--+Begin Assembly: 2
|--+Reusing File C:\Users\Andre\Desktop\EMBARCADOS - CURSO PCB\HARDWARE\KICAD\3D CAD\LED_0603_1608Metric.asm
|--+Total Parts: 0
|--+Assemblies: 0
|--+Solid Bodies: 0
|--+Sheet Bodies: 0
|--+End Assembly: 2
|--+Begin Assembly: 2
|--+Created SE Assembly File C:\Users\Andre\Desktop\EMBARCADOS - CURSO PCB\HARDWARE\KICAD\3D CAD\SOT-23-5.asm
|  |--+Created SE Part File C:\Users\Andre\Desktop\EMBARCADOS - CURSO PCB\HARDWARE\KICAD\3D CAD\SOT_23_5.par
|--+Total Parts: 2
|--+Assemblies: 0
|--+Solid Bodies: 2
|--+Sheet Bodies: 0
|--+End Assembly: 2
|--+Begin Assembly: 2
|--+Reusing File C:\Users\Andre\Desktop\EMBARCADOS - CURSO PCB\HARDWARE\KICAD\3D CAD\R_0603_1608Metric.asm
|--+Total Parts: 0
|--+Assemblies: 0
|--+Solid Bodies: 0
|--+Sheet Bodies: 0
|--+End Assembly: 2
|--+Begin Assembly: 2
|--+Created SE Assembly File C:\Users\Andre\Desktop\EMBARCADOS - CURSO PCB\HARDWARE\KICAD\3D CAD\WE IGS-WL-SFTW-150505M173300 (rev1).asm
|  |--+Created SE Part File C:\Users\Andre\Desktop\EMBARCADOS - CURSO PCB\HARDWARE\KICAD\3D CAD\=_[0_1_1_6].par
|--+Total Parts: 492
|--+Assemblies: 0
|--+Solid Bodies: 0
|--+Sheet Bodies: 492
|--+End Assembly: 2
|--+Begin Assembly: 2
|--+Created SE Assembly File C:\Users\Andre\Desktop\EMBARCADOS - CURSO PCB\HARDWARE\KICAD\3D CAD\WE CNSW_1206_CNSW (rev1).asm
|  |--+Created SE Part File C:\Users\Andre\Desktop\EMBARCADOS - CURSO PCB\HARDWARE\KICAD\3D CAD\=_[0_1_1_6]_0.par
|--+Total Parts: 284
|--+Assemblies: 0
|--+Solid Bodies: 0
|--+Sheet Bodies: 284
|--+End Assembly: 2
|--+Begin Assembly: 2
|--+Reusing File C:\Users\Andre\Desktop\EMBARCADOS - CURSO PCB\HARDWARE\KICAD\3D CAD\R_0603_1608Metric.asm
|--+Total Parts: 0
|--+Assemblies: 0
|--+Solid Bodies: 0
|--+Sheet Bodies: 0
|--+End Assembly: 2
|--+Begin Assembly: 2
|--+Reusing File C:\Users\Andre\Desktop\EMBARCADOS - CURSO PCB\HARDWARE\KICAD\3D CAD\R_0603_1608Metric.asm
|--+Total Parts: 0
|--+Assemblies: 0
|--+Solid Bodies: 0
|--+Sheet Bodies: 0
|--+End Assembly: 2
|--+Begin Assembly: 2
|--+Reusing File C:\Users\Andre\Desktop\EMBARCADOS - CURSO PCB\HARDWARE\KICAD\3D CAD\R_0603_1608Metric.asm
|--+Total Parts: 0
|--+Assemblies: 0
|--+Solid Bodies: 0
|--+Sheet Bodies: 0
|--+End Assembly: 2
|--+Begin Assembly: 2
|--+Reusing File C:\Users\Andre\Desktop\EMBARCADOS - CURSO PCB\HARDWARE\KICAD\3D CAD\C_0603_1608Metric.asm
|--+Total Parts: 0
|--+Assemblies: 0
|--+Solid Bodies: 0
|--+Sheet Bodies: 0
|--+End Assembly: 2
|--+Begin Assembly: 2
|--+Reusing File C:\Users\Andre\Desktop\EMBARCADOS - CURSO PCB\HARDWARE\KICAD\3D CAD\R_0603_1608Metric.asm
|--+Total Parts: 0
|--+Assemblies: 0
|--+Solid Bodies: 0
|--+Sheet Bodies: 0
|--+End Assembly: 2
|--+Begin Assembly: 2
|--+Created SE Assembly File C:\Users\Andre\Desktop\EMBARCADOS - CURSO PCB\HARDWARE\KICAD\3D CAD\WE 694108301002 (rev1).asm
|  |--+Created SE Part File C:\Users\Andre\Desktop\EMBARCADOS - CURSO PCB\HARDWARE\KICAD\3D CAD\=_[0_1_1_8].par
|--+Total Parts: 386
|--+Assemblies: 0
|--+Solid Bodies: 0
|--+Sheet Bodies: 386
|--+End Assembly: 2
|--+Begin Assembly: 2
|--+Reusing File C:\Users\Andre\Desktop\EMBARCADOS - CURSO PCB\HARDWARE\KICAD\3D CAD\C_0603_1608Metric.asm
|--+Total Parts: 0
|--+Assemblies: 0
|--+Solid Bodies: 0
|--+Sheet Bodies: 0
|--+End Assembly: 2
|--+Begin Assembly: 2
|--+Reusing File C:\Users\Andre\Desktop\EMBARCADOS - CURSO PCB\HARDWARE\KICAD\3D CAD\C_0805_2012Metric.asm
|--+Total Parts: 0
|--+Assemblies: 0
|--+Solid Bodies: 0
|--+Sheet Bodies: 0
|--+End Assembly: 2
|--+Begin Assembly: 2
|--+Reusing File C:\Users\Andre\Desktop\EMBARCADOS - CURSO PCB\HARDWARE\KICAD\3D CAD\C_0603_1608Metric.asm
|--+Total Parts: 0
|--+Assemblies: 0
|--+Solid Bodies: 0
|--+Sheet Bodies: 0
|--+End Assembly: 2
|--+Begin Assembly: 2
|--+Reusing File C:\Users\Andre\Desktop\EMBARCADOS - CURSO PCB\HARDWARE\KICAD\3D CAD\R_0603_1608Metric.asm
|--+Total Parts: 0
|--+Assemblies: 0
|--+Solid Bodies: 0
|--+Sheet Bodies: 0
|--+End Assembly: 2
|--+Begin Assembly: 2
|--+Created SE Assembly File C:\Users\Andre\Desktop\EMBARCADOS - CURSO PCB\HARDWARE\KICAD\3D CAD\Display_OLED_SSD1306_1.3inch.asm
|  |--+Created SE Part File C:\Users\Andre\Desktop\EMBARCADOS - CURSO PCB\HARDWARE\KICAD\3D CAD\Display_SSD1306_1,3zoll.par
|--+Total Parts: 4
|--+Assemblies: 0
|--+Solid Bodies: 4
|--+Sheet Bodies: 0
|--+End Assembly: 2
|--+Begin Assembly: 2
|--+Reusing File C:\Users\Andre\Desktop\EMBARCADOS - CURSO PCB\HARDWARE\KICAD\3D CAD\R_0603_1608Metric.asm
|--+Total Parts: 0
|--+Assemblies: 0
|--+Solid Bodies: 0
|--+Sheet Bodies: 0
|--+End Assembly: 2
|--+Begin Assembly: 2
|--+Reusing File C:\Users\Andre\Desktop\EMBARCADOS - CURSO PCB\HARDWARE\KICAD\3D CAD\L_0603_1608Metric.asm
|--+Total Parts: 0
|--+Assemblies: 0
|--+Solid Bodies: 0
|--+Sheet Bodies: 0
|--+End Assembly: 2
|--+Begin Assembly: 2
|--+Reusing File C:\Users\Andre\Desktop\EMBARCADOS - CURSO PCB\HARDWARE\KICAD\3D CAD\L_0603_1608Metric.asm
|--+Total Parts: 0
|--+Assemblies: 0
|--+Solid Bodies: 0
|--+Sheet Bodies: 0
|--+End Assembly: 2
|--+Begin Assembly: 2
|--+Reusing File C:\Users\Andre\Desktop\EMBARCADOS - CURSO PCB\HARDWARE\KICAD\3D CAD\R_0603_1608Metric.asm
|--+Total Parts: 0
|--+Assemblies: 0
|--+Solid Bodies: 0
|--+Sheet Bodies: 0
|--+End Assembly: 2
|--+Begin Assembly: 2
|--+Reusing File C:\Users\Andre\Desktop\EMBARCADOS - CURSO PCB\HARDWARE\KICAD\3D CAD\R_0603_1608Metric.asm
|--+Total Parts: 0
|--+Assemblies: 0
|--+Solid Bodies: 0
|--+Sheet Bodies: 0
|--+End Assembly: 2
|--+Begin Assembly: 2
|--+Reusing File C:\Users\Andre\Desktop\EMBARCADOS - CURSO PCB\HARDWARE\KICAD\3D CAD\C_0603_1608Metric.asm
|--+Total Parts: 0
|--+Assemblies: 0
|--+Solid Bodies: 0
|--+Sheet Bodies: 0
|--+End Assembly: 2
|--+Begin Assembly: 2
|--+Reusing File C:\Users\Andre\Desktop\EMBARCADOS - CURSO PCB\HARDWARE\KICAD\3D CAD\R_0603_1608Metric.asm
|--+Total Parts: 0
|--+Assemblies: 0
|--+Solid Bodies: 0
|--+Sheet Bodies: 0
|--+End Assembly: 2
|--+Begin Assembly: 2
|--+Reusing File C:\Users\Andre\Desktop\EMBARCADOS - CURSO PCB\HARDWARE\KICAD\3D CAD\C_0603_1608Metric.asm
|--+Total Parts: 0
|--+Assemblies: 0
|--+Solid Bodies: 0
|--+Sheet Bodies: 0
|--+End Assembly: 2
|--+Begin Assembly: 2
|--+Reusing File C:\Users\Andre\Desktop\EMBARCADOS - CURSO PCB\HARDWARE\KICAD\3D CAD\LED_0603_1608Metric.asm
|--+Total Parts: 0
|--+Assemblies: 0
|--+Solid Bodies: 0
|--+Sheet Bodies: 0
|--+End Assembly: 2
|--+Begin Assembly: 2
|--+Reusing File C:\Users\Andre\Desktop\EMBARCADOS - CURSO PCB\HARDWARE\KICAD\3D CAD\R_0603_1608Metric.asm
|--+Total Parts: 0
|--+Assemblies: 0
|--+Solid Bodies: 0
|--+Sheet Bodies: 0
|--+End Assembly: 2
|--+Begin Assembly: 2
|--+Reusing File C:\Users\Andre\Desktop\EMBARCADOS - CURSO PCB\HARDWARE\KICAD\3D CAD\R_0603_1608Metric.asm
|--+Total Parts: 0
|--+Assemblies: 0
|--+Solid Bodies: 0
|--+Sheet Bodies: 0
|--+End Assembly: 2
|--+Begin Assembly: 2
|--+Reusing File C:\Users\Andre\Desktop\EMBARCADOS - CURSO PCB\HARDWARE\KICAD\3D CAD\C_0603_1608Metric.asm
|--+Total Parts: 0
|--+Assemblies: 0
|--+Solid Bodies: 0
|--+Sheet Bodies: 0
|--+End Assembly: 2
|--+Begin Assembly: 2
|--+Reusing File C:\Users\Andre\Desktop\EMBARCADOS - CURSO PCB\HARDWARE\KICAD\3D CAD\R_0603_1608Metric.asm
|--+Total Parts: 0
|--+Assemblies: 0
|--+Solid Bodies: 0
|--+Sheet Bodies: 0
|--+End Assembly: 2
|--+Begin Assembly: 2
|--+Reusing File C:\Users\Andre\Desktop\EMBARCADOS - CURSO PCB\HARDWARE\KICAD\3D CAD\SW_SPST_TL3342.asm
|--+Total Parts: 0
|--+Assemblies: 0
|--+Solid Bodies: 0
|--+Sheet Bodies: 0
|--+End Assembly: 2
|--+Begin Assembly: 2
|--+Reusing File C:\Users\Andre\Desktop\EMBARCADOS - CURSO PCB\HARDWARE\KICAD\3D CAD\R_0603_1608Metric.asm
|--+Total Parts: 0
|--+Assemblies: 0
|--+Solid Bodies: 0
|--+Sheet Bodies: 0
|--+End Assembly: 2
|--+Begin Assembly: 2
|--+Reusing File C:\Users\Andre\Desktop\EMBARCADOS - CURSO PCB\HARDWARE\KICAD\3D CAD\R_0603_1608Metric.asm
|--+Total Parts: 0
|--+Assemblies: 0
|--+Solid Bodies: 0
|--+Sheet Bodies: 0
|--+End Assembly: 2
|--+Begin Assembly: 2
|--+Reusing File C:\Users\Andre\Desktop\EMBARCADOS - CURSO PCB\HARDWARE\KICAD\3D CAD\C_0805_2012Metric.asm
|--+Total Parts: 0
|--+Assemblies: 0
|--+Solid Bodies: 0
|--+Sheet Bodies: 0
|--+End Assembly: 2
|--+Begin Assembly: 2
|--+Reusing File C:\Users\Andre\Desktop\EMBARCADOS - CURSO PCB\HARDWARE\KICAD\3D CAD\C_0603_1608Metric.asm
|--+Total Parts: 0
|--+Assemblies: 0
|--+Solid Bodies: 0
|--+Sheet Bodies: 0
|--+End Assembly: 2
|--+Begin Assembly: 2
|--+Reusing File C:\Users\Andre\Desktop\EMBARCADOS - CURSO PCB\HARDWARE\KICAD\3D CAD\C_0805_2012Metric.asm
|--+Total Parts: 0
|--+Assemblies: 0
|--+Solid Bodies: 0
|--+Sheet Bodies: 0
|--+End Assembly: 2
|--+Begin Assembly: 2
|--+Reusing File C:\Users\Andre\Desktop\EMBARCADOS - CURSO PCB\HARDWARE\KICAD\3D CAD\C_0603_1608Metric.asm
|--+Total Parts: 0
|--+Assemblies: 0
|--+Solid Bodies: 0
|--+Sheet Bodies: 0
|--+End Assembly: 2
|--+Begin Assembly: 2
|--+Reusing File C:\Users\Andre\Desktop\EMBARCADOS - CURSO PCB\HARDWARE\KICAD\3D CAD\D_SOD-123.asm
|--+Total Parts: 0
|--+Assemblies: 0
|--+Solid Bodies: 0
|--+Sheet Bodies: 0
|--+End Assembly: 2
|--+Begin Assembly: 2
|--+Reusing File C:\Users\Andre\Desktop\EMBARCADOS - CURSO PCB\HARDWARE\KICAD\3D CAD\R_0603_1608Metric.asm
|--+Total Parts: 0
|--+Assemblies: 0
|--+Solid Bodies: 0
|--+Sheet Bodies: 0
|--+End Assembly: 2
|--+Begin Assembly: 2
|--+Reusing File C:\Users\Andre\Desktop\EMBARCADOS - CURSO PCB\HARDWARE\KICAD\3D CAD\R_0603_1608Metric.asm
|--+Total Parts: 0
|--+Assemblies: 0
|--+Solid Bodies: 0
|--+Sheet Bodies: 0
|--+End Assembly: 2
|--+Begin Assembly: 2
|--+Reusing File C:\Users\Andre\Desktop\EMBARCADOS - CURSO PCB\HARDWARE\KICAD\3D CAD\C_0805_2012Metric.asm
|--+Total Parts: 0
|--+Assemblies: 0
|--+Solid Bodies: 0
|--+Sheet Bodies: 0
|--+End Assembly: 2
|--+Begin Assembly: 2
|--+Created SE Assembly File C:\Users\Andre\Desktop\EMBARCADOS - CURSO PCB\HARDWARE\KICAD\3D CAD\WE IGS_WL-ICLED_1315050930002 (rev1).asm
|  |--+Created SE Part File C:\Users\Andre\Desktop\EMBARCADOS - CURSO PCB\HARDWARE\KICAD\3D CAD\=_[0_1_1_5].par
|--+Total Parts: 618
|--+Assemblies: 0
|--+Solid Bodies: 0
|--+Sheet Bodies: 618
|--+End Assembly: 2
|--+Begin Assembly: 2
|--+Reusing File C:\Users\Andre\Desktop\EMBARCADOS - CURSO PCB\HARDWARE\KICAD\3D CAD\L_0603_1608Metric.asm
|--+Total Parts: 0
|--+Assemblies: 0
|--+Solid Bodies: 0
|--+Sheet Bodies: 0
|--+End Assembly: 2
|--+Begin Assembly: 2
|--+Reusing File C:\Users\Andre\Desktop\EMBARCADOS - CURSO PCB\HARDWARE\KICAD\3D CAD\C_0603_1608Metric.asm
|--+Total Parts: 0
|--+Assemblies: 0
|--+Solid Bodies: 0
|--+Sheet Bodies: 0
|--+End Assembly: 2
|--+Begin Assembly: 2
|--+Reusing File C:\Users\Andre\Desktop\EMBARCADOS - CURSO PCB\HARDWARE\KICAD\3D CAD\C_0805_2012Metric.asm
|--+Total Parts: 0
|--+Assemblies: 0
|--+Solid Bodies: 0
|--+Sheet Bodies: 0
|--+End Assembly: 2
|--+Begin Assembly: 2
|--+Reusing File C:\Users\Andre\Desktop\EMBARCADOS - CURSO PCB\HARDWARE\KICAD\3D CAD\C_0603_1608Metric.asm
|--+Total Parts: 0
|--+Assemblies: 0
|--+Solid Bodies: 0
|--+Sheet Bodies: 0
|--+End Assembly: 2
|--+Begin Assembly: 2
|--+Created SE Assembly File C:\Users\Andre\Desktop\EMBARCADOS - CURSO PCB\HARDWARE\KICAD\3D CAD\Crystal_SMD_3225-4Pin_3.2x2.5mm.asm
|  |--+Created SE Part File C:\Users\Andre\Desktop\EMBARCADOS - CURSO PCB\HARDWARE\KICAD\3D CAD\Crystal_SMD_3225-4Pin_3.2x2.5mm.par
|--+Total Parts: 2
|--+Assemblies: 0
|--+Solid Bodies: 2
|--+Sheet Bodies: 0
|--+End Assembly: 2
|--+Begin Assembly: 2
|--+Reusing File C:\Users\Andre\Desktop\EMBARCADOS - CURSO PCB\HARDWARE\KICAD\3D CAD\R_0603_1608Metric.asm
|--+Total Parts: 0
|--+Assemblies: 0
|--+Solid Bodies: 0
|--+Sheet Bodies: 0
|--+End Assembly: 2
|--+Begin Assembly: 2
|--+Reusing File C:\Users\Andre\Desktop\EMBARCADOS - CURSO PCB\HARDWARE\KICAD\3D CAD\R_0603_1608Metric.asm
|--+Total Parts: 0
|--+Assemblies: 0
|--+Solid Bodies: 0
|--+Sheet Bodies: 0
|--+End Assembly: 2
|--+Begin Assembly: 2
|--+Reusing File C:\Users\Andre\Desktop\EMBARCADOS - CURSO PCB\HARDWARE\KICAD\3D CAD\SOT-23.asm
|--+Total Parts: 0
|--+Assemblies: 0
|--+Solid Bodies: 0
|--+Sheet Bodies: 0
|--+End Assembly: 2
|--+Begin Assembly: 2
|--+Reusing File C:\Users\Andre\Desktop\EMBARCADOS - CURSO PCB\HARDWARE\KICAD\3D CAD\C_0603_1608Metric.asm
|--+Total Parts: 0
|--+Assemblies: 0
|--+Solid Bodies: 0
|--+Sheet Bodies: 0
|--+End Assembly: 2
|--+Begin Assembly: 2
|--+Reusing File C:\Users\Andre\Desktop\EMBARCADOS - CURSO PCB\HARDWARE\KICAD\3D CAD\C_0805_2012Metric.asm
|--+Total Parts: 0
|--+Assemblies: 0
|--+Solid Bodies: 0
|--+Sheet Bodies: 0
|--+End Assembly: 2
|--+Begin Assembly: 2
|--+Created SE Assembly File C:\Users\Andre\Desktop\EMBARCADOS - CURSO PCB\HARDWARE\KICAD\3D CAD\Crystal_SMD_3215-2Pin_3.2x1.5mm.asm
|  |--+Created SE Part File C:\Users\Andre\Desktop\EMBARCADOS - CURSO PCB\HARDWARE\KICAD\3D CAD\Crystal_SMD_3215-2Pin_3.2x1.5mm.par
|--+Total Parts: 2
|--+Assemblies: 0
|--+Solid Bodies: 2
|--+Sheet Bodies: 0
|--+End Assembly: 2
|--+Begin Assembly: 2
|--+Reusing File C:\Users\Andre\Desktop\EMBARCADOS - CURSO PCB\HARDWARE\KICAD\3D CAD\C_0603_1608Metric.asm
|--+Total Parts: 0
|--+Assemblies: 0
|--+Solid Bodies: 0
|--+Sheet Bodies: 0
|--+End Assembly: 2
|--+Begin Assembly: 2
|--+Reusing File C:\Users\Andre\Desktop\EMBARCADOS - CURSO PCB\HARDWARE\KICAD\3D CAD\C_0805_2012Metric.asm
|--+Total Parts: 0
|--+Assemblies: 0
|--+Solid Bodies: 0
|--+Sheet Bodies: 0
|--+End Assembly: 2
|--+Begin Assembly: 2
|--+Reusing File C:\Users\Andre\Desktop\EMBARCADOS - CURSO PCB\HARDWARE\KICAD\3D CAD\R_0603_1608Metric.asm
|--+Total Parts: 0
|--+Assemblies: 0
|--+Solid Bodies: 0
|--+Sheet Bodies: 0
|--+End Assembly: 2
|--+Begin Assembly: 2
|--+Reusing File C:\Users\Andre\Desktop\EMBARCADOS - CURSO PCB\HARDWARE\KICAD\3D CAD\R_0603_1608Metric.asm
|--+Total Parts: 0
|--+Assemblies: 0
|--+Solid Bodies: 0
|--+Sheet Bodies: 0
|--+End Assembly: 2
|--+Begin Assembly: 2
|--+Created SE Assembly File C:\Users\Andre\Desktop\EMBARCADOS - CURSO PCB\HARDWARE\KICAD\3D CAD\TSSOP-14_4.4x5mm_P0.65mm.asm
|  |--+Created SE Part File C:\Users\Andre\Desktop\EMBARCADOS - CURSO PCB\HARDWARE\KICAD\3D CAD\TSSOP_14_44x5mm_P065mm.par
|--+Total Parts: 2
|--+Assemblies: 0
|--+Solid Bodies: 2
|--+Sheet Bodies: 0
|--+End Assembly: 2
|--+Begin Assembly: 2
|--+Reusing File C:\Users\Andre\Desktop\EMBARCADOS - CURSO PCB\HARDWARE\KICAD\3D CAD\C_0603_1608Metric.asm
|--+Total Parts: 0
|--+Assemblies: 0
|--+Solid Bodies: 0
|--+Sheet Bodies: 0
|--+End Assembly: 2
|--+Begin Assembly: 2
|--+Reusing File C:\Users\Andre\Desktop\EMBARCADOS - CURSO PCB\HARDWARE\KICAD\3D CAD\R_0603_1608Metric.asm
|--+Total Parts: 0
|--+Assemblies: 0
|--+Solid Bodies: 0
|--+Sheet Bodies: 0
|--+End Assembly: 2
|--+Begin Assembly: 2
|--+Reusing File C:\Users\Andre\Desktop\EMBARCADOS - CURSO PCB\HARDWARE\KICAD\3D CAD\R_0603_1608Metric.asm
|--+Total Parts: 0
|--+Assemblies: 0
|--+Solid Bodies: 0
|--+Sheet Bodies: 0
|--+End Assembly: 2
|--+Begin Assembly: 2
|--+Reusing File C:\Users\Andre\Desktop\EMBARCADOS - CURSO PCB\HARDWARE\KICAD\3D CAD\C_0603_1608Metric.asm
|--+Total Parts: 0
|--+Assemblies: 0
|--+Solid Bodies: 0
|--+Sheet Bodies: 0
|--+End Assembly: 2
|--+Begin Assembly: 2
|--+Reusing File C:\Users\Andre\Desktop\EMBARCADOS - CURSO PCB\HARDWARE\KICAD\3D CAD\LED_0603_1608Metric.asm
|--+Total Parts: 0
|--+Assemblies: 0
|--+Solid Bodies: 0
|--+Sheet Bodies: 0
|--+End Assembly: 2
|--+Begin Assembly: 2
|--+Reusing File C:\Users\Andre\Desktop\EMBARCADOS - CURSO PCB\HARDWARE\KICAD\3D CAD\R_0603_1608Metric.asm
|--+Total Parts: 0
|--+Assemblies: 0
|--+Solid Bodies: 0
|--+Sheet Bodies: 0
|--+End Assembly: 2
|--+Begin Assembly: 2
|--+Reusing File C:\Users\Andre\Desktop\EMBARCADOS - CURSO PCB\HARDWARE\KICAD\3D CAD\SOT-23.asm
|--+Total Parts: 0
|--+Assemblies: 0
|--+Solid Bodies: 0
|--+Sheet Bodies: 0
|--+End Assembly: 2
|--+Begin Assembly: 2
|--+Reusing File C:\Users\Andre\Desktop\EMBARCADOS - CURSO PCB\HARDWARE\KICAD\3D CAD\R_0603_1608Metric.asm
|--+Total Parts: 0
|--+Assemblies: 0
|--+Solid Bodies: 0
|--+Sheet Bodies: 0
|--+End Assembly: 2
|--+Begin Assembly: 2
|--+Reusing File C:\Users\Andre\Desktop\EMBARCADOS - CURSO PCB\HARDWARE\KICAD\3D CAD\C_0805_2012Metric.asm
|--+Total Parts: 0
|--+Assemblies: 0
|--+Solid Bodies: 0
|--+Sheet Bodies: 0
|--+End Assembly: 2
|--+Begin Assembly: 2
|--+Reusing File C:\Users\Andre\Desktop\EMBARCADOS - CURSO PCB\HARDWARE\KICAD\3D CAD\C_0603_1608Metric.asm
|--+Total Parts: 0
|--+Assemblies: 0
|--+Solid Bodies: 0
|--+Sheet Bodies: 0
|--+End Assembly: 2
|--+Begin Assembly: 2
|--+Reusing File C:\Users\Andre\Desktop\EMBARCADOS - CURSO PCB\HARDWARE\KICAD\3D CAD\SOT-223.asm
|--+Total Parts: 0
|--+Assemblies: 0
|--+Solid Bodies: 0
|--+Sheet Bodies: 0
|--+End Assembly: 2
|--+Begin Assembly: 2
|--+Reusing File C:\Users\Andre\Desktop\EMBARCADOS - CURSO PCB\HARDWARE\KICAD\3D CAD\R_0603_1608Metric.asm
|--+Total Parts: 0
|--+Assemblies: 0
|--+Solid Bodies: 0
|--+Sheet Bodies: 0
|--+End Assembly: 2
|--+Begin Assembly: 2
|--+Reusing File C:\Users\Andre\Desktop\EMBARCADOS - CURSO PCB\HARDWARE\KICAD\3D CAD\SW_SPST_TL3342.asm
|--+Total Parts: 0
|--+Assemblies: 0
|--+Solid Bodies: 0
|--+Sheet Bodies: 0
|--+End Assembly: 2
|--+Begin Assembly: 2
|--+Reusing File C:\Users\Andre\Desktop\EMBARCADOS - CURSO PCB\HARDWARE\KICAD\3D CAD\R_0603_1608Metric.asm
|--+Total Parts: 0
|--+Assemblies: 0
|--+Solid Bodies: 0
|--+Sheet Bodies: 0
|--+End Assembly: 2
|--+Begin Assembly: 2
|--+Reusing File C:\Users\Andre\Desktop\EMBARCADOS - CURSO PCB\HARDWARE\KICAD\3D CAD\C_0805_2012Metric.asm
|--+Total Parts: 0
|--+Assemblies: 0
|--+Solid Bodies: 0
|--+Sheet Bodies: 0
|--+End Assembly: 2
|--+Begin Assembly: 2
|--+Reusing File C:\Users\Andre\Desktop\EMBARCADOS - CURSO PCB\HARDWARE\KICAD\3D CAD\C_0603_1608Metric.asm
|--+Total Parts: 0
|--+Assemblies: 0
|--+Solid Bodies: 0
|--+Sheet Bodies: 0
|--+End Assembly: 2
|--+Begin Assembly: 2
|--+Reusing File C:\Users\Andre\Desktop\EMBARCADOS - CURSO PCB\HARDWARE\KICAD\3D CAD\R_0603_1608Metric.asm
|--+Total Parts: 0
|--+Assemblies: 0
|--+Solid Bodies: 0
|--+Sheet Bodies: 0
|--+End Assembly: 2
|--+Begin Assembly: 2
|--+Reusing File C:\Users\Andre\Desktop\EMBARCADOS - CURSO PCB\HARDWARE\KICAD\3D CAD\SW_SPST_TL3342.asm
|--+Total Parts: 0
|--+Assemblies: 0
|--+Solid Bodies: 0
|--+Sheet Bodies: 0
|--+End Assembly: 2
|--+Begin Assembly: 2
|--+Created SE Assembly File C:\Users\Andre\Desktop\EMBARCADOS - CURSO PCB\HARDWARE\KICAD\3D CAD\WE 79527141 (rev1).asm
|  |--+Created SE Part File C:\Users\Andre\Desktop\EMBARCADOS - CURSO PCB\HARDWARE\KICAD\3D CAD\=_[0_1_1_5]_0.par
|--+Total Parts: 632
|--+Assemblies: 0
|--+Solid Bodies: 0
|--+Sheet Bodies: 632
|--+End Assembly: 2
|--+Begin Assembly: 2
|--+Created SE Assembly File C:\Users\Andre\Desktop\EMBARCADOS - CURSO PCB\HARDWARE\KICAD\3D CAD\MURATA PKM13EPYH4000-A0.asm
|  |--+Created SE Part File C:\Users\Andre\Desktop\EMBARCADOS - CURSO PCB\HARDWARE\KICAD\3D CAD\PKM13EPYH4000-A0.par
|--+Total Parts: 6
|--+Assemblies: 0
|--+Solid Bodies: 6
|--+Sheet Bodies: 0
|--+End Assembly: 2
|--+Created SE Part File C:\Users\Andre\Desktop\EMBARCADOS - CURSO PCB\HARDWARE\KICAD\3D CAD\_autosave-EMBARCADOS - CURSO PCB_PCB.par
+Total Parts: 30
+Assemblies: 28
+Solid Bodies: 2
+Sheet Bodies: 0
+End Assembly: 1
Translation process completed
Total time required to translate and post process:00 : 00 : 45
